<?xml version="1.0" encoding="UTF-8"?>
<!-- Generated by org.testng.reporters.JUnitReportReporter -->
<testsuite skipped="0" hostname="DESKTOP-65AN8VH" name="allTest.HomePageTest" tests="2" failures="0" timestamp="2020-03-03T15:22:58 EST" time="9.384" errors="0">
  <testcase name="titleValidation" time="5.822" classname="allTest.HomePageTest"/>
  <system-out/>
  <testcase name="validateLaptop" time="3.562" classname="allTest.HomePageTest"/>
  <system-out/>
</testsuite> <!-- allTest.HomePageTest -->
